{
  "RSpec": {
    "coverage": {
      "/Users/michaelchlipala/hungry_academy/projects/party_time/app/helpers/application_helper.rb": [
        1,
        null
      ],
      "/Users/michaelchlipala/hungry_academy/projects/party_time/app/helpers/playlists_helper.rb": [
        1,
        1,
        0,
        null,
        null
      ],
      "/Users/michaelchlipala/hungry_academy/projects/party_time/app/controllers/application_controller.rb": [
        1,
        1,
        null,
        1,
        null,
        1,
        null,
        1,
        0,
        null,
        null
      ],
      "/Users/michaelchlipala/hungry_academy/projects/party_time/app/controllers/main_controller.rb": [
        1,
        1,
        null
      ],
      "/Users/michaelchlipala/hungry_academy/projects/party_time/app/controllers/playlists_controller.rb": [
        1,
        null,
        1,
        0,
        null,
        null,
        1,
        5,
        1,
        null,
        null,
        null,
        1,
        0,
        0,
        0,
        null,
        0,
        null,
        null,
        null,
        1,
        0,
        0,
        null,
        0,
        null,
        null,
        null
      ],
      "/Users/michaelchlipala/hungry_academy/projects/party_time/app/models/playlist.rb": [
        1,
        1,
        1,
        1,
        null,
        1,
        0,
        0,
        0,
        null,
        null,
        1,
        9,
        8,
        8,
        null,
        null,
        null,
        1,
        0,
        0,
        null,
        null,
        1,
        0,
        0,
        0,
        0,
        null,
        null,
        null,
        1,
        15,
        null,
        null
      ],
      "/Users/michaelchlipala/hungry_academy/projects/party_time/app/controllers/searches_controller.rb": [
        1,
        null,
        1,
        0,
        null,
        null,
        null
      ],
      "/Users/michaelchlipala/hungry_academy/projects/party_time/app/models/search.rb": [
        1,
        null,
        1,
        1,
        null,
        null,
        null,
        null,
        1,
        null,
        null,
        1,
        1,
        1,
        2,
        0,
        null,
        null,
        null,
        null,
        0,
        null,
        null,
        1,
        null,
        null,
        null
      ],
      "/Users/michaelchlipala/hungry_academy/projects/party_time/app/controllers/tracks_controller.rb": [
        1,
        1,
        null,
        1,
        0,
        null,
        null,
        1,
        0,
        0,
        null,
        0,
        null,
        null,
        null,
        1,
        0,
        null,
        null
      ],
      "/Users/michaelchlipala/hungry_academy/projects/party_time/app/models/track.rb": [
        1,
        1,
        1,
        1,
        1,
        1,
        1,
        null
      ],
      "/Users/michaelchlipala/hungry_academy/projects/party_time/app/models/event.rb": [
        1,
        1,
        1,
        1,
        1,
        1,
        1,
        null
      ],
      "/Users/michaelchlipala/hungry_academy/projects/party_time/app/models/living_social_deal.rb": [
        1,
        1,
        null,
        1,
        1,
        1,
        1,
        1,
        1,
        1,
        1,
        1,
        1,
        1,
        1,
        1,
        1,
        1,
        1,
        1,
        1,
        1,
        1,
        1,
        1,
        1,
        1,
        1,
        1,
        1,
        null,
        null,
        1,
        null,
        null,
        null
      ],
      "/Users/michaelchlipala/hungry_academy/projects/party_time/app/models/recommender.rb": [
        1,
        null,
        1,
        1,
        null,
        null,
        null,
        null,
        null,
        1,
        null,
        null,
        1,
        1,
        1,
        1,
        null,
        null,
        null,
        null,
        1,
        null,
        1,
        null,
        null
      ]
    },
    "timestamp": 1341192538
  }
}
