{
  "RSpec": {
    "coverage": {
      "/Users/michaelchlipala/hungry_academy/projects/party_time/app/helpers/application_helper.rb": [
        1,
        null
      ],
      "/Users/michaelchlipala/hungry_academy/projects/party_time/app/helpers/playlists_helper.rb": [
        1,
        1,
        0,
        null,
        null,
        1,
        0,
        null,
        null
      ],
      "/Users/michaelchlipala/hungry_academy/projects/party_time/app/controllers/application_controller.rb": [
        1,
        1,
        null,
        1,
        null,
        1,
        null,
        1,
        2,
        null,
        null
      ],
      "/Users/michaelchlipala/hungry_academy/projects/party_time/app/controllers/deals_controller.rb": [
        1,
        null,
        1,
        2,
        null,
        null,
        null
      ],
      "/Users/michaelchlipala/hungry_academy/projects/party_time/app/controllers/main_controller.rb": [
        1,
        1,
        null
      ],
      "/Users/michaelchlipala/hungry_academy/projects/party_time/app/controllers/playlists_controller.rb": [
        1,
        null,
        1,
        0,
        null,
        null,
        1,
        4,
        1,
        null,
        null,
        null,
        1,
        2,
        2,
        2,
        null,
        0,
        null,
        null,
        null,
        null
      ],
      "/Users/michaelchlipala/hungry_academy/projects/party_time/app/models/playlist.rb": [
        1,
        1,
        1,
        null,
        1,
        3,
        3,
        48,
        3,
        null,
        null,
        1,
        10,
        9,
        9,
        null,
        null,
        null,
        1,
        0,
        0,
        null,
        null,
        1,
        0,
        0,
        0,
        0,
        null,
        null,
        null,
        1,
        16,
        null,
        null
      ],
      "/Users/michaelchlipala/hungry_academy/projects/party_time/app/controllers/searches_controller.rb": [
        1,
        null,
        1,
        2,
        null,
        null,
        null
      ],
      "/Users/michaelchlipala/hungry_academy/projects/party_time/app/models/search.rb": [
        1,
        null,
        1,
        1,
        null,
        null,
        null,
        null,
        1,
        null,
        null,
        1,
        1,
        1,
        2,
        0,
        null,
        null,
        null,
        null,
        null,
        0,
        null,
        null,
        1,
        null,
        null,
        null
      ],
      "/Users/michaelchlipala/hungry_academy/projects/party_time/app/controllers/tracks_controller.rb": [
        1,
        1,
        null,
        1,
        1,
        null,
        null,
        1,
        1,
        1,
        null,
        0,
        null,
        null,
        null,
        1,
        0,
        null,
        null
      ],
      "/Users/michaelchlipala/hungry_academy/projects/party_time/app/models/track.rb": [
        1,
        1,
        1,
        1,
        1,
        1,
        1,
        1,
        null
      ],
      "/Users/michaelchlipala/hungry_academy/projects/party_time/app/models/living_social_deal.rb": [
        1,
        1,
        null,
        1,
        1,
        1,
        1,
        1,
        1,
        1,
        1,
        1,
        1,
        1,
        1,
        1,
        1,
        1,
        1,
        1,
        1,
        1,
        1,
        1,
        1,
        1,
        1,
        1,
        1,
        1,
        null,
        null,
        1,
        null,
        null,
        1,
        1,
        null,
        null,
        null
      ],
      "/Users/michaelchlipala/hungry_academy/projects/party_time/app/models/recommender.rb": [
        1,
        null,
        1,
        1,
        null,
        null,
        null,
        null,
        1,
        null,
        null,
        1,
        1,
        1,
        1,
        null,
        null,
        null,
        1,
        null,
        1,
        null,
        null
      ]
    },
    "timestamp": 1341317893
  }
}
